<?xml version="1.0" encoding="UTF-8"?>
<coverage generated="1579533239215" clover="3.2.0">
  <project timestamp="1579533239215" name="All files">
    <metrics statements="22" coveredstatements="6" conditionals="16" coveredconditionals="2" methods="6" coveredmethods="3" elements="44" coveredelements="11" complexity="0" loc="22" ncloc="22" packages="1" files="1" classes="1"/>
    <file name="FeedItem.vue" path="/Users/macbookpro/Documents/mueen-test/src/components/FeedItem.vue">
      <metrics statements="22" coveredstatements="6" conditionals="16" coveredconditionals="2" methods="6" coveredmethods="3"/>
      <line num="98" count="1" type="stmt"/>
      <line num="110" count="1" type="cond" truecount="1" falsecount="1"/>
      <line num="111" count="0" type="stmt"/>
      <line num="113" count="1" type="stmt"/>
      <line num="118" count="1" type="stmt"/>
      <line num="119" count="1" type="cond" truecount="1" falsecount="1"/>
      <line num="120" count="1" type="stmt"/>
      <line num="121" count="0" type="stmt"/>
      <line num="126" count="0" type="stmt"/>
      <line num="133" count="0" type="stmt"/>
      <line num="136" count="0" type="cond" truecount="0" falsecount="4"/>
      <line num="137" count="0" type="stmt"/>
      <line num="138" count="0" type="stmt"/>
      <line num="139" count="0" type="stmt"/>
      <line num="140" count="0" type="cond" truecount="0" falsecount="4"/>
      <line num="141" count="0" type="stmt"/>
      <line num="142" count="0" type="stmt"/>
      <line num="143" count="0" type="stmt"/>
      <line num="144" count="0" type="cond" truecount="0" falsecount="4"/>
      <line num="145" count="0" type="stmt"/>
      <line num="146" count="0" type="stmt"/>
      <line num="147" count="0" type="stmt"/>
    </file>
  </project>
</coverage>
