{"/Users/macbookpro/Documents/mueen-test/src/components/FeedItem.vue": {"path":"/Users/macbookpro/Documents/mueen-test/src/components/FeedItem.vue","statementMap":{"0":{"start":{"line":98,"column":0},"end":{"line":98,"column":null}},"1":{"start":{"line":110,"column":0},"end":{"line":112,"column":null}},"2":{"start":{"line":111,"column":0},"end":{"line":111,"column":null}},"3":{"start":{"line":113,"column":0},"end":{"line":113,"column":null}},"4":{"start":{"line":118,"column":0},"end":{"line":118,"column":null}},"5":{"start":{"line":119,"column":0},"end":{"line":123,"column":null}},"6":{"start":{"line":120,"column":0},"end":{"line":122,"column":null}},"7":{"start":{"line":121,"column":0},"end":{"line":121,"column":null}},"8":{"start":{"line":126,"column":0},"end":{"line":126,"column":null}},"9":{"start":{"line":133,"column":0},"end":{"line":133,"column":null}},"10":{"start":{"line":136,"column":0},"end":{"line":148,"column":null}},"11":{"start":{"line":137,"column":0},"end":{"line":137,"column":null}},"12":{"start":{"line":138,"column":0},"end":{"line":138,"column":null}},"13":{"start":{"line":139,"column":0},"end":{"line":139,"column":null}},"14":{"start":{"line":140,"column":0},"end":{"line":148,"column":null}},"15":{"start":{"line":141,"column":0},"end":{"line":141,"column":null}},"16":{"start":{"line":142,"column":0},"end":{"line":142,"column":null}},"17":{"start":{"line":143,"column":0},"end":{"line":143,"column":null}},"18":{"start":{"line":144,"column":0},"end":{"line":148,"column":null}},"19":{"start":{"line":145,"column":0},"end":{"line":145,"column":null}},"20":{"start":{"line":146,"column":0},"end":{"line":146,"column":null}},"21":{"start":{"line":147,"column":0},"end":{"line":147,"column":null}}},"fnMap":{"0":{"name":"(anonymous_1)","decl":{"start":{"line":97,"column":0},"end":{"line":97,"column":null}},"loc":{"start":{"line":97,"column":0},"end":{"line":106,"column":null}}},"1":{"name":"(anonymous_2)","decl":{"start":{"line":109,"column":0},"end":{"line":109,"column":null}},"loc":{"start":{"line":109,"column":0},"end":{"line":114,"column":null}}},"2":{"name":"(anonymous_3)","decl":{"start":{"line":117,"column":0},"end":{"line":117,"column":null}},"loc":{"start":{"line":117,"column":0},"end":{"line":124,"column":null}}},"3":{"name":"(anonymous_4)","decl":{"start":{"line":120,"column":0},"end":{"line":120,"column":null}},"loc":{"start":{"line":120,"column":0},"end":{"line":122,"column":null}}},"4":{"name":"(anonymous_5)","decl":{"start":{"line":125,"column":0},"end":{"line":125,"column":null}},"loc":{"start":{"line":125,"column":0},"end":{"line":134,"column":null}}},"5":{"name":"(anonymous_6)","decl":{"start":{"line":135,"column":0},"end":{"line":135,"column":null}},"loc":{"start":{"line":135,"column":0},"end":{"line":149,"column":null}}}},"branchMap":{"0":{"loc":{"start":{"line":110,"column":0},"end":{"line":112,"column":null}},"type":"if","locations":[{"start":{"line":110,"column":0},"end":{"line":112,"column":null}},{"start":{"line":110,"column":0},"end":{"line":112,"column":null}}]},"1":{"loc":{"start":{"line":119,"column":0},"end":{"line":123,"column":null}},"type":"if","locations":[{"start":{"line":119,"column":0},"end":{"line":123,"column":null}},{"start":{"line":119,"column":0},"end":{"line":123,"column":null}}]},"2":{"loc":{"start":{"line":136,"column":0},"end":{"line":148,"column":null}},"type":"if","locations":[{"start":{"line":136,"column":0},"end":{"line":148,"column":null}},{"start":{"line":136,"column":0},"end":{"line":148,"column":null}}]},"3":{"loc":{"start":{"line":136,"column":0},"end":{"line":136,"column":null}},"type":"binary-expr","locations":[{"start":{"line":136,"column":0},"end":{"line":136,"column":null}},{"start":{"line":136,"column":0},"end":{"line":136,"column":null}}]},"4":{"loc":{"start":{"line":140,"column":0},"end":{"line":148,"column":null}},"type":"if","locations":[{"start":{"line":140,"column":0},"end":{"line":148,"column":null}},{"start":{"line":140,"column":0},"end":{"line":148,"column":null}}]},"5":{"loc":{"start":{"line":140,"column":0},"end":{"line":140,"column":null}},"type":"binary-expr","locations":[{"start":{"line":140,"column":0},"end":{"line":140,"column":null}},{"start":{"line":140,"column":0},"end":{"line":140,"column":null}}]},"6":{"loc":{"start":{"line":144,"column":0},"end":{"line":148,"column":null}},"type":"if","locations":[{"start":{"line":144,"column":0},"end":{"line":148,"column":null}},{"start":{"line":144,"column":0},"end":{"line":148,"column":null}}]},"7":{"loc":{"start":{"line":144,"column":0},"end":{"line":144,"column":null}},"type":"binary-expr","locations":[{"start":{"line":144,"column":0},"end":{"line":144,"column":null}},{"start":{"line":144,"column":0},"end":{"line":144,"column":null}}]}},"s":{"0":1,"1":1,"2":0,"3":1,"4":1,"5":1,"6":1,"7":0,"8":0,"9":0,"10":0,"11":0,"12":0,"13":0,"14":0,"15":0,"16":0,"17":0,"18":0,"19":0,"20":0,"21":0},"f":{"0":1,"1":1,"2":1,"3":0,"4":0,"5":0},"b":{"0":[0,1],"1":[1,0],"2":[0,0],"3":[0,0],"4":[0,0],"5":[0,0],"6":[0,0],"7":[0,0]}}
}
