TN:
SF:/Users/macbookpro/Documents/mueen-test/src/components/FeedItem.vue
FN:97,(anonymous_1)
FN:109,(anonymous_2)
FN:117,(anonymous_3)
FN:120,(anonymous_4)
FN:125,(anonymous_5)
FN:135,(anonymous_6)
FNF:6
FNH:3
FNDA:1,(anonymous_1)
FNDA:1,(anonymous_2)
FNDA:1,(anonymous_3)
FNDA:0,(anonymous_4)
FNDA:0,(anonymous_5)
FNDA:0,(anonymous_6)
DA:98,1
DA:110,1
DA:111,0
DA:113,1
DA:118,1
DA:119,1
DA:120,1
DA:121,0
DA:126,0
DA:133,0
DA:136,0
DA:137,0
DA:138,0
DA:139,0
DA:140,0
DA:141,0
DA:142,0
DA:143,0
DA:144,0
DA:145,0
DA:146,0
DA:147,0
LF:22
LH:6
BRDA:110,0,0,0
BRDA:110,0,1,1
BRDA:119,1,0,1
BRDA:119,1,1,0
BRDA:136,2,0,0
BRDA:136,2,1,0
BRDA:136,3,0,0
BRDA:136,3,1,0
BRDA:140,4,0,0
BRDA:140,4,1,0
BRDA:140,5,0,0
BRDA:140,5,1,0
BRDA:144,6,0,0
BRDA:144,6,1,0
BRDA:144,7,0,0
BRDA:144,7,1,0
BRF:16
BRH:2
end_of_record
